<?xml version="1.0" encoding="UTF-8"?>
<testng-results skipped="0" failed="0" ignored="0" total="1" passed="1">
  <reporter-output>
  </reporter-output>
  <suite name="mavenDemo.SampleMavenTest.Test1" duration-ms="85" started-at="2018-02-10T19:18:26Z" finished-at="2018-02-10T19:18:26Z">
    <groups>
    </groups>
    <test name="Command line test" duration-ms="85" started-at="2018-02-10T19:18:26Z" finished-at="2018-02-10T19:18:26Z">
      <class name="mavenDemo.SampleMavenTest.Test1">
        <test-method status="PASS" signature="test()[pri:0, instance:mavenDemo.SampleMavenTest.Test1@3f3afe78]" name="test" duration-ms="53" started-at="2018-02-11T00:48:26Z" finished-at="2018-02-11T00:48:26Z">
          <reporter-output>
          </reporter-output>
        </test-method> <!-- test -->
      </class> <!-- mavenDemo.SampleMavenTest.Test1 -->
    </test> <!-- Command line test -->
  </suite> <!-- mavenDemo.SampleMavenTest.Test1 -->
</testng-results>
